[debug] [2023-01-22T03:06:19.929Z] ----------------------------------------------------------------------
[debug] [2023-01-22T03:06:19.930Z] Command:       /opt/homebrew/Cellar/node/18.4.0/bin/node /opt/homebrew/bin/firebase init
[debug] [2023-01-22T03:06:19.931Z] CLI Version:   11.19.0
[debug] [2023-01-22T03:06:19.931Z] Platform:      darwin
[debug] [2023-01-22T03:06:19.931Z] Node Version:  v18.4.0
[debug] [2023-01-22T03:06:19.932Z] Time:          Sun Jan 22 2023 08:06:19 GMT+0500 (Pakistan Standard Time)
[debug] [2023-01-22T03:06:19.932Z] ----------------------------------------------------------------------
[debug] 
[debug] [2023-01-22T03:06:19.973Z] > command requires scopes: ["email","openid","https://www.googleapis.com/auth/cloudplatformprojects.readonly","https://www.googleapis.com/auth/firebase","https://www.googleapis.com/auth/cloud-platform"]
[debug] [2023-01-22T03:06:19.973Z] > authorizing via signed-in user (gomail2017@gmail.com)
[info] 
     ######## #### ########  ######## ########     ###     ######  ########
     ##        ##  ##     ## ##       ##     ##  ##   ##  ##       ##
     ######    ##  ########  ######   ########  #########  ######  ######
     ##        ##  ##    ##  ##       ##     ## ##     ##       ## ##
     ##       #### ##     ## ######## ########  ##     ##  ######  ########

You're about to initialize a Firebase project in this directory:

  /Users/saud

Before we get started, keep in mind:

  * You are initializing within an existing Firebase project directory

[info] 
=== Project Setup
[info] 
[info] First, let's associate this project directory with a Firebase project.
[info] You can create multiple project aliases by running firebase use --add, 
[info] but for now we'll just set up a default project.
[info] 
[debug] [2023-01-22T03:06:46.666Z] Using project from CLI flag: human-friendly
[debug] [2023-01-22T03:06:46.667Z] > refreshing access token with scopes: []
[debug] [2023-01-22T03:06:46.668Z] >>> [apiv2][query] POST https://www.googleapis.com/oauth2/v3/token [none]
[debug] [2023-01-22T03:06:46.668Z] >>> [apiv2][body] POST https://www.googleapis.com/oauth2/v3/token [omitted]
[debug] [2023-01-22T03:06:47.215Z] <<< [apiv2][status] POST https://www.googleapis.com/oauth2/v3/token 200
[debug] [2023-01-22T03:06:47.216Z] <<< [apiv2][body] POST https://www.googleapis.com/oauth2/v3/token [omitted]
[debug] [2023-01-22T03:06:47.255Z] >>> [apiv2][query] GET https://firebase.googleapis.com/v1beta1/projects/human-friendly [none]
[debug] [2023-01-22T03:06:48.021Z] <<< [apiv2][status] GET https://firebase.googleapis.com/v1beta1/projects/human-friendly 200
[debug] [2023-01-22T03:06:48.021Z] <<< [apiv2][body] GET https://firebase.googleapis.com/v1beta1/projects/human-friendly {"projectId":"human-friendly","projectNumber":"1024798581390","displayName":"human friendly","name":"projects/human-friendly","resources":{"hostingSite":"human-friendly"},"state":"ACTIVE","etag":"1_0f4c5a2f-eb29-4d83-a490-4b4df388a795"}
[info] i  Using project human-friendly (human friendly) 
[info] 
=== Hosting Setup
[info] 
[info] Your public directory is the folder (relative to your project directory) that
[info] will contain Hosting assets to be uploaded with firebase deploy. If you
[info] have a build process for your assets, use your build's output directory.
[info] 
[info] i  Skipping write of out/404.html 
[debug] [2023-01-22T03:07:35.211Z] >>> [apiv2][query] GET https://www.gstatic.com/firebasejs/releases.json [none]
[debug] [2023-01-22T03:07:54.184Z] <<< [apiv2][status] GET https://www.gstatic.com/firebasejs/releases.json 200
[debug] [2023-01-22T03:07:54.184Z] <<< [apiv2][body] GET https://www.gstatic.com/firebasejs/releases.json {"current":{"version":"9.16.0","browserURL":"https://www.gstatic.com/firebasejs/9.16.0/firebase.js","packageURL":"https://www.gstatic.com/firebasejs/9.16.0/firebase.tgz"},"live":{"version":"9.16","browserURL":"https://www.gstatic.com/firebasejs/live/9.16/firebase.js","packageURL":"https://www.gstatic.com/firebasejs/live/9.16/firebase.tgz"},"components":{"analytics":"https://www.gstatic.com/firebasejs/9.16.0/firebase-analytics.js","app":"https://www.gstatic.com/firebasejs/9.16.0/firebase-app.js","app-check":"https://www.gstatic.com/firebasejs/9.16.0/firebase-app-check.js","auth":"https://www.gstatic.com/firebasejs/9.16.0/firebase-auth.js","auth/cordova":"https://www.gstatic.com/firebasejs/9.16.0/firebase-auth/cordova.js","auth/react-native":"https://www.gstatic.com/firebasejs/9.16.0/firebase-auth/react-native.js","functions":"https://www.gstatic.com/firebasejs/9.16.0/firebase-functions.js","firestore":"https://www.gstatic.com/firebasejs/9.16.0/firebase-firestore.js","firestore/lite":"https://www.gstatic.com/firebasejs/9.16.0/firebase-firestore/lite.js","installations":"https://www.gstatic.com/firebasejs/9.16.0/firebase-installations.js","storage":"https://www.gstatic.com/firebasejs/9.16.0/firebase-storage.js","performance":"https://www.gstatic.com/firebasejs/9.16.0/firebase-performance.js","remote-config":"https://www.gstatic.com/firebasejs/9.16.0/firebase-remote-config.js","messaging":"https://www.gstatic.com/firebasejs/9.16.0/firebase-messaging.js","messaging/sw":"https://www.gstatic.com/firebasejs/9.16.0/firebase-messaging/sw.js","database":"https://www.gstatic.com/firebasejs/9.16.0/firebase-database.js","firestore.memory":"https://www.gstatic.com/firebasejs/9.16.0/firebase-firestore.memory.js"}}
[info] i  Skipping write of out/index.html 
[info] 
[info] i  Writing configuration info to firebase.json... 
[info] i  Writing project information to .firebaserc... 
[info] 
[info] ✔  Firebase initialization complete! 
[debug] [2023-01-22T03:08:27.762Z] Error: Timed out.
    at Timeout._onTimeout (/opt/homebrew/lib/node_modules/firebase-tools/lib/utils.js:253:49)
    at listOnTimeout (node:internal/timers:564:17)
    at process.processTimers (node:internal/timers:507:7)
[error] 
[error] Error: An unexpected error has occurred.
[debug] [2023-01-22T03:09:50.678Z] ----------------------------------------------------------------------
[debug] [2023-01-22T03:09:50.679Z] Command:       /opt/homebrew/Cellar/node/18.4.0/bin/node /opt/homebrew/bin/firebase init
[debug] [2023-01-22T03:09:50.680Z] CLI Version:   11.19.0
[debug] [2023-01-22T03:09:50.680Z] Platform:      darwin
[debug] [2023-01-22T03:09:50.680Z] Node Version:  v18.4.0
[debug] [2023-01-22T03:09:50.680Z] Time:          Sun Jan 22 2023 08:09:50 GMT+0500 (Pakistan Standard Time)
[debug] [2023-01-22T03:09:50.681Z] ----------------------------------------------------------------------
[debug] 
[debug] [2023-01-22T03:09:50.739Z] > command requires scopes: ["email","openid","https://www.googleapis.com/auth/cloudplatformprojects.readonly","https://www.googleapis.com/auth/firebase","https://www.googleapis.com/auth/cloud-platform"]
[debug] [2023-01-22T03:09:50.740Z] > authorizing via signed-in user (gomail2017@gmail.com)
[info] 
     ######## #### ########  ######## ########     ###     ######  ########
     ##        ##  ##     ## ##       ##     ##  ##   ##  ##       ##
     ######    ##  ########  ######   ########  #########  ######  ######
     ##        ##  ##    ##  ##       ##     ## ##     ##       ## ##
     ##       #### ##     ## ######## ########  ##     ##  ######  ########

You're about to initialize a Firebase project in this directory:

  /Users/saud

Before we get started, keep in mind:

  * You are initializing within an existing Firebase project directory

[info] 
=== Project Setup
[info] 
[info] First, let's associate this project directory with a Firebase project.
[info] You can create multiple project aliases by running firebase use --add, 
[info] but for now we'll just set up a default project.
[info] 
[debug] [2023-01-22T03:09:59.962Z] Using project from CLI flag: human-friendly
[debug] [2023-01-22T03:09:59.963Z] >>> [apiv2][query] GET https://firebase.googleapis.com/v1beta1/projects/human-friendly [none]
[debug] [2023-01-22T03:10:03.698Z] <<< [apiv2][status] GET https://firebase.googleapis.com/v1beta1/projects/human-friendly 200
[debug] [2023-01-22T03:10:03.698Z] <<< [apiv2][body] GET https://firebase.googleapis.com/v1beta1/projects/human-friendly {"projectId":"human-friendly","projectNumber":"1024798581390","displayName":"human friendly","name":"projects/human-friendly","resources":{"hostingSite":"human-friendly"},"state":"ACTIVE","etag":"1_0f4c5a2f-eb29-4d83-a490-4b4df388a795"}
[info] i  Using project human-friendly (human friendly) 
[info] 
=== Hosting Setup
[info] 
[info] Your public directory is the folder (relative to your project directory) that
[info] will contain Hosting assets to be uploaded with firebase deploy. If you
[info] have a build process for your assets, use your build's output directory.
[info] 
[info] i  Skipping write of out/404.html 
[debug] [2023-01-22T03:10:19.702Z] >>> [apiv2][query] GET https://www.gstatic.com/firebasejs/releases.json [none]
[debug] [2023-01-22T03:10:20.219Z] <<< [apiv2][status] GET https://www.gstatic.com/firebasejs/releases.json 200
[debug] [2023-01-22T03:10:20.219Z] <<< [apiv2][body] GET https://www.gstatic.com/firebasejs/releases.json {"current":{"version":"9.16.0","browserURL":"https://www.gstatic.com/firebasejs/9.16.0/firebase.js","packageURL":"https://www.gstatic.com/firebasejs/9.16.0/firebase.tgz"},"live":{"version":"9.16","browserURL":"https://www.gstatic.com/firebasejs/live/9.16/firebase.js","packageURL":"https://www.gstatic.com/firebasejs/live/9.16/firebase.tgz"},"components":{"analytics":"https://www.gstatic.com/firebasejs/9.16.0/firebase-analytics.js","app":"https://www.gstatic.com/firebasejs/9.16.0/firebase-app.js","app-check":"https://www.gstatic.com/firebasejs/9.16.0/firebase-app-check.js","auth":"https://www.gstatic.com/firebasejs/9.16.0/firebase-auth.js","auth/cordova":"https://www.gstatic.com/firebasejs/9.16.0/firebase-auth/cordova.js","auth/react-native":"https://www.gstatic.com/firebasejs/9.16.0/firebase-auth/react-native.js","functions":"https://www.gstatic.com/firebasejs/9.16.0/firebase-functions.js","firestore":"https://www.gstatic.com/firebasejs/9.16.0/firebase-firestore.js","firestore/lite":"https://www.gstatic.com/firebasejs/9.16.0/firebase-firestore/lite.js","installations":"https://www.gstatic.com/firebasejs/9.16.0/firebase-installations.js","storage":"https://www.gstatic.com/firebasejs/9.16.0/firebase-storage.js","performance":"https://www.gstatic.com/firebasejs/9.16.0/firebase-performance.js","remote-config":"https://www.gstatic.com/firebasejs/9.16.0/firebase-remote-config.js","messaging":"https://www.gstatic.com/firebasejs/9.16.0/firebase-messaging.js","messaging/sw":"https://www.gstatic.com/firebasejs/9.16.0/firebase-messaging/sw.js","database":"https://www.gstatic.com/firebasejs/9.16.0/firebase-database.js","firestore.memory":"https://www.gstatic.com/firebasejs/9.16.0/firebase-firestore.memory.js"}}
[info] i  Skipping write of out/index.html 
[info] 
[info] i  Writing configuration info to firebase.json... 
[info] i  Writing project information to .firebaserc... 
[info] 
[info] ✔  Firebase initialization complete! 
[debug] [2023-01-22T03:10:34.204Z] Error: Timed out.
    at Timeout._onTimeout (/opt/homebrew/lib/node_modules/firebase-tools/lib/utils.js:253:49)
    at listOnTimeout (node:internal/timers:564:17)
    at process.processTimers (node:internal/timers:507:7)
[error] 
[error] Error: An unexpected error has occurred.
